2022-07-23 17:44:29,168 - INFO - predict - Start taking input from webpage
2022-07-23 17:44:29,170 - INFO - predict - Received POST request
2022-07-23 17:44:29,174 - INFO - predict - BALANCE: 6
2022-07-23 17:44:29,174 - INFO - predict - BALANCE_FREQUENCY: 1
2022-07-23 17:44:29,174 - INFO - predict - PURCHASES: 28
2022-07-23 17:44:29,175 - INFO - predict - ONEOFF_PURCHASES: 24
2022-07-23 17:44:29,175 - INFO - predict - INSTALLMENTS_PURCHASES: 25
2022-07-23 17:44:29,175 - INFO - predict - CASH_ADVANCE: 21
2022-07-23 17:44:29,175 - INFO - predict - PURCHASES_FREQUENCY: 5
2022-07-23 17:44:29,175 - INFO - predict - ONEOFF_PURCHASES_FREQUENCY: 8
2022-07-23 17:44:29,175 - INFO - predict - PURCHASES_INSTALLMENTS_FREQUENCY: 11
2022-07-23 17:44:29,518 - INFO - predict - CASH_ADVANCE_FREQUENCY: 9
2022-07-23 17:44:29,518 - INFO - predict - CASH_ADVANCE_TRX: 10
2022-07-23 17:44:29,518 - INFO - predict - PURCHASES_TRX: 9
2022-07-23 17:44:29,518 - INFO - predict - CREDIT_LIMIT: 11
2022-07-23 17:44:29,518 - INFO - predict - PAYMENTS: 11
2022-07-23 17:44:29,518 - INFO - predict - MINIMUM_PAYMENTS: 9
2022-07-23 17:44:29,518 - INFO - predict - PRC_FULL_PAYMENT: 1
2022-07-23 17:44:29,518 - INFO - predict - TENURE: 10
2022-07-23 17:44:29,518 - INFO - predict - Input taken from webpage
2022-07-23 17:44:29,518 - INFO - predict - Start data scaling
2022-07-23 17:44:29,521 - INFO - predict - Data scaling complete
2022-07-23 17:44:29,521 - INFO - predict - PredictingCluster number
2022-07-23 17:44:29,642 - INFO - predict - Complete predicting clusert: 0
2022-07-23 17:44:29,663 - INFO - predict - Sending the prediction on results.html
2022-07-23 18:18:25,650 - INFO - predict - Start taking input from webpage
2022-07-23 18:18:25,652 - INFO - predict - Received POST request
2022-07-23 18:18:25,657 - INFO - predict - BALANCE: 4
2022-07-23 18:18:25,657 - INFO - predict - BALANCE_FREQUENCY: 1
2022-07-23 18:18:25,657 - INFO - predict - PURCHASES: 18
2022-07-23 18:18:25,657 - INFO - predict - ONEOFF_PURCHASES: 15
2022-07-23 18:18:25,657 - INFO - predict - INSTALLMENTS_PURCHASES: 16
2022-07-23 18:18:25,658 - INFO - predict - CASH_ADVANCE: 12
2022-07-23 18:18:25,658 - INFO - predict - PURCHASES_FREQUENCY: 12
2022-07-23 18:18:25,658 - INFO - predict - ONEOFF_PURCHASES_FREQUENCY: 13
2022-07-23 18:18:25,658 - INFO - predict - PURCHASES_INSTALLMENTS_FREQUENCY: 14
2022-07-23 18:18:25,658 - INFO - predict - CASH_ADVANCE_FREQUENCY: 12
2022-07-23 18:18:25,658 - INFO - predict - CASH_ADVANCE_TRX: 10
2022-07-23 18:18:25,658 - INFO - predict - PURCHASES_TRX: 16
2022-07-23 18:18:25,659 - INFO - predict - CREDIT_LIMIT: 14
2022-07-23 18:18:25,659 - INFO - predict - PAYMENTS: 14
2022-07-23 18:18:25,659 - INFO - predict - MINIMUM_PAYMENTS: 16
2022-07-23 18:18:25,659 - INFO - predict - PRC_FULL_PAYMENT: 24
2022-07-23 18:18:25,659 - INFO - predict - TENURE: 18
2022-07-23 18:18:25,659 - INFO - predict - Input taken from webpage
2022-07-23 18:18:25,659 - INFO - predict - Start data scaling
2022-07-23 18:18:25,661 - INFO - predict - Data scaling complete
2022-07-23 18:18:25,661 - INFO - predict - PredictingCluster number
2022-07-23 18:18:25,800 - INFO - predict - Complete predicting clusert: 0
2022-07-23 18:18:25,821 - INFO - predict - Sending the prediction on results.html
2022-07-23 18:35:32,948 - INFO - predict - Start taking input from webpage
2022-07-23 18:35:32,955 - INFO - predict - Received POST request
2022-07-23 18:35:32,971 - INFO - predict - BALANCE: 2
2022-07-23 18:35:32,972 - INFO - predict - BALANCE_FREQUENCY: 2
2022-07-23 18:35:32,972 - INFO - predict - PURCHASES: 3
2022-07-23 18:35:32,972 - INFO - predict - ONEOFF_PURCHASES: 3
2022-07-23 18:35:32,972 - INFO - predict - INSTALLMENTS_PURCHASES: 2
2022-07-23 18:35:32,972 - INFO - predict - CASH_ADVANCE: 2
2022-07-23 18:35:32,972 - INFO - predict - PURCHASES_FREQUENCY: 1
2022-07-23 18:35:32,972 - INFO - predict - ONEOFF_PURCHASES_FREQUENCY: 1
2022-07-23 18:35:32,972 - INFO - predict - PURCHASES_INSTALLMENTS_FREQUENCY: 1
2022-07-23 18:35:32,973 - INFO - predict - CASH_ADVANCE_FREQUENCY: 1
2022-07-23 18:35:33,067 - INFO - predict - CASH_ADVANCE_TRX: 8
2022-07-23 18:35:33,067 - INFO - predict - PURCHASES_TRX: 7
2022-07-23 18:35:33,067 - INFO - predict - CREDIT_LIMIT: 6
2022-07-23 18:35:33,068 - INFO - predict - PAYMENTS: 6
2022-07-23 18:35:33,068 - INFO - predict - MINIMUM_PAYMENTS: 1
2022-07-23 18:35:33,068 - INFO - predict - PRC_FULL_PAYMENT: 1
2022-07-23 18:35:33,068 - INFO - predict - TENURE: 1
2022-07-23 18:35:33,068 - INFO - predict - Input taken from webpage
2022-07-23 18:35:33,068 - INFO - predict - Start data scaling
2022-07-23 18:35:33,116 - INFO - predict - Data scaling complete
2022-07-23 18:35:33,116 - INFO - predict - PredictingCluster number
2022-07-23 18:35:33,158 - INFO - predict - Complete predicting clusert: 0
2022-07-23 18:35:33,252 - INFO - predict - Sending the prediction on results.html
2022-07-23 19:21:21,026 - INFO - predict - Start taking input from webpage
2022-07-23 19:21:21,028 - INFO - predict - Received POST request
2022-07-23 19:21:21,033 - INFO - predict - BALANCE: 11
2022-07-23 19:21:21,034 - INFO - predict - BALANCE_FREQUENCY: 14
2022-07-23 19:21:21,034 - INFO - predict - PURCHASES: 12
2022-07-23 19:21:21,034 - INFO - predict - ONEOFF_PURCHASES: 10
2022-07-23 19:21:21,034 - INFO - predict - INSTALLMENTS_PURCHASES: 9
2022-07-23 19:21:21,034 - INFO - predict - CASH_ADVANCE: 8
2022-07-23 19:21:21,034 - INFO - predict - PURCHASES_FREQUENCY: 7
2022-07-23 19:21:21,035 - INFO - predict - ONEOFF_PURCHASES_FREQUENCY: 7
2022-07-23 19:21:21,035 - INFO - predict - PURCHASES_INSTALLMENTS_FREQUENCY: 6
2022-07-23 19:21:21,035 - INFO - predict - CASH_ADVANCE_FREQUENCY: 11
2022-07-23 19:21:21,035 - INFO - predict - CASH_ADVANCE_TRX: 8
2022-07-23 19:21:21,035 - INFO - predict - PURCHASES_TRX: 8
2022-07-23 19:21:21,035 - INFO - predict - CREDIT_LIMIT: 8
2022-07-23 19:21:21,035 - INFO - predict - PAYMENTS: 6
2022-07-23 19:21:21,035 - INFO - predict - MINIMUM_PAYMENTS: 6
2022-07-23 19:21:21,035 - INFO - predict - PRC_FULL_PAYMENT: 9
2022-07-23 19:21:21,035 - INFO - predict - TENURE: 9
2022-07-23 19:21:21,035 - INFO - predict - Input taken from webpage
2022-07-23 19:21:21,035 - INFO - predict - Start data scaling
2022-07-23 19:21:21,037 - INFO - predict - Data scaling complete
2022-07-23 19:21:21,037 - INFO - predict - PredictingCluster number
2022-07-23 19:21:21,161 - INFO - predict - Complete predicting clusert: 0
2022-07-23 19:21:21,182 - INFO - predict - Sending the prediction on results.html
2022-07-23 19:28:58,162 - INFO - predict - Start taking input from webpage
2022-07-23 19:28:58,164 - INFO - predict - Received POST request
2022-07-23 19:28:58,171 - INFO - predict - BALANCE: 46
2022-07-23 19:28:58,171 - INFO - predict - BALANCE_FREQUENCY: 45
2022-07-23 19:28:58,172 - INFO - predict - PURCHASES: 40
2022-07-23 19:28:58,172 - INFO - predict - ONEOFF_PURCHASES: 26
2022-07-23 19:28:58,172 - INFO - predict - INSTALLMENTS_PURCHASES: 30
2022-07-23 19:28:58,172 - INFO - predict - CASH_ADVANCE: 26
2022-07-23 19:28:58,172 - INFO - predict - PURCHASES_FREQUENCY: 67
2022-07-23 19:28:58,172 - INFO - predict - ONEOFF_PURCHASES_FREQUENCY: 30
2022-07-23 19:28:58,172 - INFO - predict - PURCHASES_INSTALLMENTS_FREQUENCY: 45
2022-07-23 19:28:58,172 - INFO - predict - CASH_ADVANCE_FREQUENCY: 30
2022-07-23 19:28:58,172 - INFO - predict - CASH_ADVANCE_TRX: 19
2022-07-23 19:28:58,172 - INFO - predict - PURCHASES_TRX: 66
2022-07-23 19:28:58,172 - INFO - predict - CREDIT_LIMIT: 15
2022-07-23 19:28:58,172 - INFO - predict - PAYMENTS: 53
2022-07-23 19:28:58,172 - INFO - predict - MINIMUM_PAYMENTS: 79
2022-07-23 19:28:58,173 - INFO - predict - PRC_FULL_PAYMENT: 12
2022-07-23 19:28:58,173 - INFO - predict - TENURE: 45
2022-07-23 19:28:58,173 - INFO - predict - Input taken from webpage
2022-07-23 19:28:58,173 - INFO - predict - Start data scaling
2022-07-23 19:28:58,191 - INFO - predict - Data scaling complete
2022-07-23 19:28:58,191 - INFO - predict - PredictingCluster number
2022-07-23 19:28:58,215 - INFO - predict - Complete predicting clusert: 0
2022-07-23 19:28:58,340 - INFO - predict - Sending the prediction on results.html
2022-07-23 19:57:18,298 - INFO - predict - Start taking input from webpage
2022-07-23 19:57:18,643 - INFO - predict - Received POST request
2022-07-23 19:57:18,647 - INFO - predict - BALANCE: 7
2022-07-23 19:57:18,647 - INFO - predict - BALANCE_FREQUENCY: 7
2022-07-23 19:57:18,647 - INFO - predict - PURCHASES: 5
2022-07-23 19:57:18,647 - INFO - predict - ONEOFF_PURCHASES: 3
2022-07-23 19:57:18,647 - INFO - predict - INSTALLMENTS_PURCHASES: 7
2022-07-23 19:57:18,647 - INFO - predict - CASH_ADVANCE: 7
2022-07-23 19:57:18,647 - INFO - predict - PURCHASES_FREQUENCY: 7
2022-07-23 19:57:18,647 - INFO - predict - ONEOFF_PURCHASES_FREQUENCY: 7
2022-07-23 19:57:18,647 - INFO - predict - PURCHASES_INSTALLMENTS_FREQUENCY: 6
2022-07-23 19:57:18,648 - INFO - predict - CASH_ADVANCE_FREQUENCY: 7
2022-07-23 19:57:18,648 - INFO - predict - CASH_ADVANCE_TRX: 7
2022-07-23 19:57:18,648 - INFO - predict - PURCHASES_TRX: 5
2022-07-23 19:57:18,648 - INFO - predict - CREDIT_LIMIT: 6
2022-07-23 19:57:18,648 - INFO - predict - PAYMENTS: 6
2022-07-23 19:57:18,648 - INFO - predict - MINIMUM_PAYMENTS: 5
2022-07-23 19:57:18,648 - INFO - predict - PRC_FULL_PAYMENT: 2
2022-07-23 19:57:18,648 - INFO - predict - TENURE: 1
2022-07-23 19:57:18,648 - INFO - predict - Input taken from webpage
2022-07-23 19:57:18,648 - INFO - predict - Start data scaling
2022-07-23 19:57:18,700 - INFO - predict - Data scaling complete
2022-07-23 19:57:18,700 - INFO - predict - PredictingCluster number
2022-07-23 19:57:18,753 - INFO - predict - Complete predicting clusert: 0
2022-07-23 19:57:18,844 - INFO - predict - Sending the prediction on results.html
2022-07-23 20:03:25,609 - INFO - predict - Start taking input from webpage
2022-07-23 20:03:25,610 - INFO - predict - Received POST request
2022-07-23 20:03:25,612 - INFO - predict - BALANCE: 8
2022-07-23 20:03:25,612 - INFO - predict - BALANCE_FREQUENCY: 7
2022-07-23 20:03:25,612 - INFO - predict - PURCHASES: 7
2022-07-23 20:03:25,612 - INFO - predict - ONEOFF_PURCHASES: 8
2022-07-23 20:03:25,612 - INFO - predict - INSTALLMENTS_PURCHASES: 7
2022-07-23 20:03:25,612 - INFO - predict - CASH_ADVANCE: 3
2022-07-23 20:03:25,612 - INFO - predict - PURCHASES_FREQUENCY: 4
2022-07-23 20:03:25,613 - INFO - predict - ONEOFF_PURCHASES_FREQUENCY: 1
2022-07-23 20:03:25,613 - INFO - predict - PURCHASES_INSTALLMENTS_FREQUENCY: 1
2022-07-23 20:03:25,613 - INFO - predict - CASH_ADVANCE_FREQUENCY: 1
2022-07-23 20:03:25,613 - INFO - predict - CASH_ADVANCE_TRX: 6
2022-07-23 20:03:25,613 - INFO - predict - PURCHASES_TRX: 1
2022-07-23 20:03:25,613 - INFO - predict - CREDIT_LIMIT: 1
2022-07-23 20:03:25,614 - INFO - predict - PAYMENTS: 1
2022-07-23 20:03:25,615 - INFO - predict - MINIMUM_PAYMENTS: 1
2022-07-23 20:03:25,615 - INFO - predict - PRC_FULL_PAYMENT: 1
2022-07-23 20:03:25,615 - INFO - predict - TENURE: 1
2022-07-23 20:03:25,615 - INFO - predict - Input taken from webpage
2022-07-23 20:03:25,615 - INFO - predict - Start data scaling
2022-07-23 20:03:25,621 - INFO - predict - Data scaling complete
2022-07-23 20:03:25,621 - INFO - predict - PredictingCluster number
2022-07-23 20:03:25,625 - INFO - predict - Complete predicting clusert: 0
2022-07-23 20:03:25,638 - INFO - predict - Sending the prediction on results.html
