2022-07-23 15:40:21,986 - INFO - __init__ - Initilization Scaling Class
2022-07-23 15:40:22,025 - INFO - __init__ - Loading scaler model
2022-07-23 15:40:22,026 - INFO - __init__ - Scaler Model loaded Successfully
2022-07-23 15:40:22,026 - INFO - __init__ - Loading scaler model
2022-07-23 15:40:30,854 - INFO - __init__ - Scaler model loaded Successfully
2022-07-23 15:40:35,705 - INFO - __init__ - Initilization Scaling Class
2022-07-23 15:40:35,705 - INFO - __init__ - Loading scaler model
2022-07-23 15:40:35,705 - INFO - __init__ - Scaler Model loaded Successfully
2022-07-23 15:40:35,705 - INFO - __init__ - Loading scaler model
2022-07-23 15:40:36,458 - INFO - __init__ - Scaler model loaded Successfully
2022-07-23 15:41:14,448 - INFO - __init__ - Initilization Scaling Class
2022-07-23 15:41:14,448 - INFO - __init__ - Loading scaler model
2022-07-23 15:41:14,448 - INFO - __init__ - Scaler Model loaded Successfully
2022-07-23 15:41:14,448 - INFO - __init__ - Loading scaler model
2022-07-23 15:41:15,406 - INFO - __init__ - Scaler model loaded Successfully
2022-07-23 15:41:22,136 - INFO - __init__ - Initilization Scaling Class
2022-07-23 15:41:22,137 - INFO - __init__ - Loading scaler model
2022-07-23 15:41:22,137 - INFO - __init__ - Scaler Model loaded Successfully
2022-07-23 15:41:22,137 - INFO - __init__ - Loading scaler model
2022-07-23 15:41:22,887 - INFO - __init__ - Scaler model loaded Successfully
2022-07-23 15:42:47,631 - INFO - __init__ - Initilization Scaling Class
2022-07-23 15:42:47,631 - INFO - __init__ - Loading scaler model
2022-07-23 15:42:47,631 - INFO - __init__ - Scaler Model loaded Successfully
2022-07-23 15:42:47,631 - INFO - __init__ - Loading scaler model
2022-07-23 15:42:48,448 - INFO - __init__ - Scaler model loaded Successfully
2022-07-23 15:46:34,617 - INFO - __init__ - Initilization Scaling Class
2022-07-23 15:46:34,617 - INFO - __init__ - Loading scaler model
2022-07-23 15:46:34,617 - INFO - __init__ - Scaler Model loaded Successfully
2022-07-23 15:46:34,617 - INFO - __init__ - Loading scaler model
2022-07-23 15:46:35,850 - INFO - __init__ - Scaler model loaded Successfully
2022-07-23 15:47:56,214 - INFO - __init__ - Initilization Scaling Class
2022-07-23 15:47:56,214 - INFO - __init__ - Loading scaler model
2022-07-23 15:47:56,214 - INFO - __init__ - Scaler Model loaded Successfully
2022-07-23 15:47:56,214 - INFO - __init__ - Loading scaler model
2022-07-23 15:47:56,875 - INFO - __init__ - Scaler model loaded Successfully
2022-07-23 15:47:58,429 - INFO - __init__ - Initilization Scaling Class
2022-07-23 15:47:58,429 - INFO - __init__ - Loading scaler model
2022-07-23 15:47:58,429 - INFO - __init__ - Scaler Model loaded Successfully
2022-07-23 15:47:58,429 - INFO - __init__ - Loading scaler model
2022-07-23 15:47:59,157 - INFO - __init__ - Scaler model loaded Successfully
2022-07-23 15:48:38,168 - INFO - __init__ - Initilization Scaling Class
2022-07-23 15:48:38,168 - INFO - __init__ - Loading scaler model
2022-07-23 15:48:38,168 - INFO - __init__ - Scaler Model loaded Successfully
2022-07-23 15:48:38,169 - INFO - __init__ - Loading scaler model
2022-07-23 15:48:38,842 - INFO - __init__ - Scaler model loaded Successfully
2022-07-23 15:48:40,336 - INFO - __init__ - Initilization Scaling Class
2022-07-23 15:48:40,336 - INFO - __init__ - Loading scaler model
2022-07-23 15:48:40,337 - INFO - __init__ - Scaler Model loaded Successfully
2022-07-23 15:48:40,337 - INFO - __init__ - Loading scaler model
2022-07-23 15:48:41,013 - INFO - __init__ - Scaler model loaded Successfully
2022-07-23 15:49:10,156 - INFO - __init__ - Initilization Scaling Class
2022-07-23 15:49:10,157 - INFO - __init__ - Loading scaler model
2022-07-23 15:49:10,157 - INFO - __init__ - Scaler Model loaded Successfully
2022-07-23 15:49:10,157 - INFO - __init__ - Loading scaler model
2022-07-23 15:49:10,905 - INFO - __init__ - Scaler model loaded Successfully
2022-07-23 15:49:12,386 - INFO - __init__ - Initilization Scaling Class
2022-07-23 15:49:12,386 - INFO - __init__ - Loading scaler model
2022-07-23 15:49:12,394 - INFO - __init__ - Scaler Model loaded Successfully
2022-07-23 15:49:12,394 - INFO - __init__ - Loading scaler model
2022-07-23 15:49:13,144 - INFO - __init__ - Scaler model loaded Successfully
2022-07-23 16:02:57,838 - INFO - __init__ - Initilization Scaling Class
2022-07-23 16:02:57,940 - INFO - __init__ - Loading scaler model
2022-07-23 16:02:57,941 - INFO - __init__ - Scaler Model loaded Successfully
2022-07-23 16:02:57,941 - INFO - __init__ - Loading scaler model
2022-07-23 16:03:09,427 - INFO - __init__ - Scaler model loaded Successfully
2022-07-23 16:03:19,155 - INFO - __init__ - Initilization Scaling Class
2022-07-23 16:03:19,155 - INFO - __init__ - Loading scaler model
2022-07-23 16:03:19,155 - INFO - __init__ - Scaler Model loaded Successfully
2022-07-23 16:03:19,155 - INFO - __init__ - Loading scaler model
2022-07-23 16:03:20,709 - INFO - __init__ - Scaler model loaded Successfully
2022-07-23 16:12:25,691 - INFO - __init__ - Initilization Scaling Class
2022-07-23 16:12:25,695 - INFO - __init__ - Loading scaler model
2022-07-23 16:12:25,695 - INFO - __init__ - Scaler Model loaded Successfully
2022-07-23 16:12:25,695 - INFO - __init__ - Loading scaler model
2022-07-23 16:12:27,582 - INFO - __init__ - Scaler model loaded Successfully
2022-07-23 16:12:32,376 - INFO - __init__ - Initilization Scaling Class
2022-07-23 16:12:32,376 - INFO - __init__ - Loading scaler model
2022-07-23 16:12:32,376 - INFO - __init__ - Scaler Model loaded Successfully
2022-07-23 16:12:32,376 - INFO - __init__ - Loading scaler model
2022-07-23 16:12:34,083 - INFO - __init__ - Scaler model loaded Successfully
2022-07-23 17:43:20,585 - INFO - __init__ - Initilization Scaling Class
2022-07-23 17:43:20,586 - INFO - __init__ - Loading scaler model
2022-07-23 17:43:20,587 - INFO - __init__ - Scaler Model loaded Successfully
2022-07-23 17:43:20,587 - INFO - __init__ - Loading scaler model
2022-07-23 17:43:23,474 - INFO - __init__ - Scaler model loaded Successfully
2022-07-23 17:43:27,012 - INFO - __init__ - Initilization Scaling Class
2022-07-23 17:43:27,013 - INFO - __init__ - Loading scaler model
2022-07-23 17:43:27,013 - INFO - __init__ - Scaler Model loaded Successfully
2022-07-23 17:43:27,013 - INFO - __init__ - Loading scaler model
2022-07-23 17:43:28,327 - INFO - __init__ - Scaler model loaded Successfully
2022-07-23 17:44:29,519 - INFO - scale_data - Data is valid
2022-07-23 17:44:29,519 - INFO - scale_data - Scaling the numpy array
2022-07-23 17:44:29,521 - INFO - scale_data - Scaling the numpy array Successfully
2022-07-23 18:17:16,218 - INFO - __init__ - Initilization Scaling Class
2022-07-23 18:17:16,220 - INFO - __init__ - Loading scaler model
2022-07-23 18:17:16,221 - INFO - __init__ - Scaler Model loaded Successfully
2022-07-23 18:17:16,221 - INFO - __init__ - Loading scaler model
2022-07-23 18:17:18,271 - INFO - __init__ - Initilization Scaling Class
2022-07-23 18:17:18,271 - INFO - __init__ - Loading scaler model
2022-07-23 18:17:18,271 - INFO - __init__ - Scaler Model loaded Successfully
2022-07-23 18:17:18,271 - INFO - __init__ - Loading scaler model
2022-07-23 18:17:19,443 - INFO - __init__ - Scaler model loaded Successfully
2022-07-23 18:17:19,615 - INFO - __init__ - Scaler model loaded Successfully
2022-07-23 18:17:21,899 - INFO - __init__ - Initilization Scaling Class
2022-07-23 18:17:21,900 - INFO - __init__ - Loading scaler model
2022-07-23 18:17:21,900 - INFO - __init__ - Scaler Model loaded Successfully
2022-07-23 18:17:21,900 - INFO - __init__ - Loading scaler model
2022-07-23 18:17:23,648 - INFO - __init__ - Scaler model loaded Successfully
2022-07-23 18:18:25,659 - INFO - scale_data - Data is valid
2022-07-23 18:18:25,660 - INFO - scale_data - Scaling the numpy array
2022-07-23 18:18:25,661 - INFO - scale_data - Scaling the numpy array Successfully
2022-07-23 18:35:33,078 - INFO - scale_data - Data is valid
2022-07-23 18:35:33,080 - INFO - scale_data - Scaling the numpy array
2022-07-23 18:35:33,115 - INFO - scale_data - Scaling the numpy array Successfully
2022-07-23 19:17:56,129 - INFO - __init__ - Initilization Scaling Class
2022-07-23 19:17:56,130 - INFO - __init__ - Loading scaler model
2022-07-23 19:17:56,130 - INFO - __init__ - Scaler Model loaded Successfully
2022-07-23 19:17:56,130 - INFO - __init__ - Loading scaler model
2022-07-23 19:17:56,912 - INFO - __init__ - Initilization Scaling Class
2022-07-23 19:17:56,912 - INFO - __init__ - Loading scaler model
2022-07-23 19:17:56,913 - INFO - __init__ - Scaler Model loaded Successfully
2022-07-23 19:17:56,913 - INFO - __init__ - Loading scaler model
2022-07-23 19:17:57,599 - INFO - __init__ - Scaler model loaded Successfully
2022-07-23 19:17:59,780 - INFO - __init__ - Scaler model loaded Successfully
2022-07-23 19:18:50,589 - INFO - __init__ - Initilization Scaling Class
2022-07-23 19:18:50,589 - INFO - __init__ - Loading scaler model
2022-07-23 19:18:50,589 - INFO - __init__ - Scaler Model loaded Successfully
2022-07-23 19:18:50,589 - INFO - __init__ - Loading scaler model
2022-07-23 19:18:51,848 - INFO - __init__ - Scaler model loaded Successfully
2022-07-23 19:20:04,128 - INFO - __init__ - Initilization Scaling Class
2022-07-23 19:20:04,128 - INFO - __init__ - Loading scaler model
2022-07-23 19:20:04,128 - INFO - __init__ - Scaler Model loaded Successfully
2022-07-23 19:20:04,128 - INFO - __init__ - Loading scaler model
2022-07-23 19:20:06,800 - INFO - __init__ - Scaler model loaded Successfully
2022-07-23 19:20:11,522 - INFO - __init__ - Initilization Scaling Class
2022-07-23 19:20:11,522 - INFO - __init__ - Loading scaler model
2022-07-23 19:20:11,522 - INFO - __init__ - Scaler Model loaded Successfully
2022-07-23 19:20:11,522 - INFO - __init__ - Loading scaler model
2022-07-23 19:20:13,362 - INFO - __init__ - Scaler model loaded Successfully
2022-07-23 19:21:21,035 - INFO - scale_data - Data is valid
2022-07-23 19:21:21,035 - INFO - scale_data - Scaling the numpy array
2022-07-23 19:21:21,037 - INFO - scale_data - Scaling the numpy array Successfully
2022-07-23 19:26:46,284 - INFO - __init__ - Initilization Scaling Class
2022-07-23 19:26:46,284 - INFO - __init__ - Loading scaler model
2022-07-23 19:26:46,285 - INFO - __init__ - Scaler Model loaded Successfully
2022-07-23 19:26:46,285 - INFO - __init__ - Loading scaler model
2022-07-23 19:26:49,313 - INFO - __init__ - Scaler model loaded Successfully
2022-07-23 19:27:28,773 - INFO - __init__ - Initilization Scaling Class
2022-07-23 19:27:28,773 - INFO - __init__ - Loading scaler model
2022-07-23 19:27:28,773 - INFO - __init__ - Scaler Model loaded Successfully
2022-07-23 19:27:28,773 - INFO - __init__ - Loading scaler model
2022-07-23 19:27:30,762 - INFO - __init__ - Scaler model loaded Successfully
2022-07-23 19:27:32,947 - INFO - __init__ - Initilization Scaling Class
2022-07-23 19:27:32,947 - INFO - __init__ - Loading scaler model
2022-07-23 19:27:32,947 - INFO - __init__ - Scaler Model loaded Successfully
2022-07-23 19:27:32,947 - INFO - __init__ - Loading scaler model
2022-07-23 19:27:33,641 - INFO - __init__ - Scaler model loaded Successfully
2022-07-23 19:28:58,179 - INFO - scale_data - Data is valid
2022-07-23 19:28:58,179 - INFO - scale_data - Scaling the numpy array
2022-07-23 19:28:58,191 - INFO - scale_data - Scaling the numpy array Successfully
2022-07-23 19:57:18,656 - INFO - scale_data - Data is valid
2022-07-23 19:57:18,665 - INFO - scale_data - Scaling the numpy array
2022-07-23 19:57:18,700 - INFO - scale_data - Scaling the numpy array Successfully
2022-07-23 20:02:50,791 - INFO - __init__ - Initilization Scaling Class
2022-07-23 20:02:50,791 - INFO - __init__ - Loading scaler model
2022-07-23 20:02:50,791 - INFO - __init__ - Scaler Model loaded Successfully
2022-07-23 20:02:50,791 - INFO - __init__ - Loading scaler model
2022-07-23 20:02:52,461 - INFO - __init__ - Scaler model loaded Successfully
2022-07-23 20:02:54,490 - INFO - __init__ - Initilization Scaling Class
2022-07-23 20:02:54,490 - INFO - __init__ - Loading scaler model
2022-07-23 20:02:54,490 - INFO - __init__ - Scaler Model loaded Successfully
2022-07-23 20:02:54,585 - INFO - __init__ - Loading scaler model
2022-07-23 20:02:55,504 - INFO - __init__ - Scaler model loaded Successfully
2022-07-23 20:03:25,617 - INFO - scale_data - Data is valid
2022-07-23 20:03:25,617 - INFO - scale_data - Scaling the numpy array
2022-07-23 20:03:25,621 - INFO - scale_data - Scaling the numpy array Successfully
